<?xml version="1.0" encoding="UTF-8"?>
<!-- Generated by org.testng.reporters.JUnitReportReporter -->
<testsuite hostname="LAPTOP-P0MI2CJV" failures="0" tests="2" name="TestNG.TestCase01" time="14.555" errors="0" timestamp="2024-12-03T20:50:46 IST" skipped="0">
  <testcase classname="TestNG.TestCase01" name="login" time="5.289"/>
  <system-out/>
  <testcase classname="TestNG.TestCase01" name="login" time="9.266"/>
  <system-out/>
</testsuite> <!-- TestNG.TestCase01 -->
