<?xml version="1.0" encoding="UTF-8"?>
<!-- Generated by org.testng.reporters.JUnitReportReporter -->
<testsuite hostname="LAPTOP-P0MI2CJV" failures="0" tests="1" name="TestNG.Hardassertion" time="3.596" errors="0" timestamp="2024-12-06T11:45:42 IST" skipped="0">
  <testcase classname="TestNG.Hardassertion" name="Webpage" time="3.596"/>
  <system-out/>
</testsuite> <!-- TestNG.Hardassertion -->
